PASSED: Opened website
PASSED: Clicked login link
PASSED: Entered login credentials
FAILED: Failed to click login button: no such window: target window already closed
from unknown error: web view not found
  (Session info: chrome=126.0.6478.183)
Build info: version: '4.23.0', revision: '4df0a231af'
System info: os.name: 'Mac OS X', os.arch: 'aarch64', os.version: '14.5', java.version: '17.0.5'
Driver info: org.openqa.selenium.chrome.ChromeDriver
Command: [76aba6000e140bafcf80e5bf57604f78, findElement {value=//button[normalize-space()='Login'], using=xpath}]
Capabilities {acceptInsecureCerts: false, browserName: chrome, browserVersion: 126.0.6478.183, chrome: {chromedriverVersion: 126.0.6478.182 (5b5d8292ddf..., userDataDir: /var/folders/g5/mh75xn1s5rb...}, fedcm:accounts: true, goog:chromeOptions: {debuggerAddress: localhost:50339}, networkConnectionEnabled: false, pageLoadStrategy: normal, platformName: mac, proxy: Proxy(), se:cdp: ws://localhost:50339/devtoo..., se:cdpVersion: 126.0.6478.183, setWindowRect: true, strictFileInteractability: false, timeouts: {implicit: 0, pageLoad: 300000, script: 30000}, unhandledPromptBehavior: dismiss and notify, webauthn:extension:credBlob: true, webauthn:extension:largeBlob: true, webauthn:extension:minPinLength: true, webauthn:extension:prf: true, webauthn:virtualAuthenticators: true}
Session ID: 76aba6000e140bafcf80e5bf57604f78
FAILED: Failed to search for 'watch': no such window: target window already closed
from unknown error: web view not found
  (Session info: chrome=126.0.6478.183)
Build info: version: '4.23.0', revision: '4df0a231af'
System info: os.name: 'Mac OS X', os.arch: 'aarch64', os.version: '14.5', java.version: '17.0.5'
Driver info: org.openqa.selenium.chrome.ChromeDriver
Command: [76aba6000e140bafcf80e5bf57604f78, findElement {value=//input[@placeholder='Search...'], using=xpath}]
Capabilities {acceptInsecureCerts: false, browserName: chrome, browserVersion: 126.0.6478.183, chrome: {chromedriverVersion: 126.0.6478.182 (5b5d8292ddf..., userDataDir: /var/folders/g5/mh75xn1s5rb...}, fedcm:accounts: true, goog:chromeOptions: {debuggerAddress: localhost:50339}, networkConnectionEnabled: false, pageLoadStrategy: normal, platformName: mac, proxy: Proxy(), se:cdp: ws://localhost:50339/devtoo..., se:cdpVersion: 126.0.6478.183, setWindowRect: true, strictFileInteractability: false, timeouts: {implicit: 0, pageLoad: 300000, script: 30000}, unhandledPromptBehavior: dismiss and notify, webauthn:extension:credBlob: true, webauthn:extension:largeBlob: true, webauthn:extension:minPinLength: true, webauthn:extension:prf: true, webauthn:virtualAuthenticators: true}
Session ID: 76aba6000e140bafcf80e5bf57604f78
FAILED: Failed to select product: no such window: target window already closed
from unknown error: web view not found
  (Session info: chrome=126.0.6478.183)
Build info: version: '4.23.0', revision: '4df0a231af'
System info: os.name: 'Mac OS X', os.arch: 'aarch64', os.version: '14.5', java.version: '17.0.5'
Driver info: org.openqa.selenium.chrome.ChromeDriver
Command: [76aba6000e140bafcf80e5bf57604f78, findElement {value=//a[contains(text(),'Smart Watch Series 7 | Logo Smart Watch | Infinity')], using=xpath}]
Capabilities {acceptInsecureCerts: false, browserName: chrome, browserVersion: 126.0.6478.183, chrome: {chromedriverVersion: 126.0.6478.182 (5b5d8292ddf..., userDataDir: /var/folders/g5/mh75xn1s5rb...}, fedcm:accounts: true, goog:chromeOptions: {debuggerAddress: localhost:50339}, networkConnectionEnabled: false, pageLoadStrategy: normal, platformName: mac, proxy: Proxy(), se:cdp: ws://localhost:50339/devtoo..., se:cdpVersion: 126.0.6478.183, setWindowRect: true, strictFileInteractability: false, timeouts: {implicit: 0, pageLoad: 300000, script: 30000}, unhandledPromptBehavior: dismiss and notify, webauthn:extension:credBlob: true, webauthn:extension:largeBlob: true, webauthn:extension:minPinLength: true, webauthn:extension:prf: true, webauthn:virtualAuthenticators: true}
Session ID: 76aba6000e140bafcf80e5bf57604f78
FAILED: Failed to increase quantity: no such window: target window already closed
from unknown error: web view not found
  (Session info: chrome=126.0.6478.183)
Build info: version: '4.23.0', revision: '4df0a231af'
System info: os.name: 'Mac OS X', os.arch: 'aarch64', os.version: '14.5', java.version: '17.0.5'
Driver info: org.openqa.selenium.chrome.ChromeDriver
Command: [76aba6000e140bafcf80e5bf57604f78, findElement {value=//button[@title='Increase quantity by 1'], using=xpath}]
Capabilities {acceptInsecureCerts: false, browserName: chrome, browserVersion: 126.0.6478.183, chrome: {chromedriverVersion: 126.0.6478.182 (5b5d8292ddf..., userDataDir: /var/folders/g5/mh75xn1s5rb...}, fedcm:accounts: true, goog:chromeOptions: {debuggerAddress: localhost:50339}, networkConnectionEnabled: false, pageLoadStrategy: normal, platformName: mac, proxy: Proxy(), se:cdp: ws://localhost:50339/devtoo..., se:cdpVersion: 126.0.6478.183, setWindowRect: true, strictFileInteractability: false, timeouts: {implicit: 0, pageLoad: 300000, script: 30000}, unhandledPromptBehavior: dismiss and notify, webauthn:extension:credBlob: true, webauthn:extension:largeBlob: true, webauthn:extension:minPinLength: true, webauthn:extension:prf: true, webauthn:virtualAuthenticators: true}
Session ID: 76aba6000e140bafcf80e5bf57604f78
FAILED: Failed to add to cart: no such window: target window already closed
from unknown error: web view not found
  (Session info: chrome=126.0.6478.183)
Build info: version: '4.23.0', revision: '4df0a231af'
System info: os.name: 'Mac OS X', os.arch: 'aarch64', os.version: '14.5', java.version: '17.0.5'
Driver info: org.openqa.selenium.chrome.ChromeDriver
Command: [76aba6000e140bafcf80e5bf57604f78, findElement {value=//button[normalize-space()='Add to cart'], using=xpath}]
Capabilities {acceptInsecureCerts: false, browserName: chrome, browserVersion: 126.0.6478.183, chrome: {chromedriverVersion: 126.0.6478.182 (5b5d8292ddf..., userDataDir: /var/folders/g5/mh75xn1s5rb...}, fedcm:accounts: true, goog:chromeOptions: {debuggerAddress: localhost:50339}, networkConnectionEnabled: false, pageLoadStrategy: normal, platformName: mac, proxy: Proxy(), se:cdp: ws://localhost:50339/devtoo..., se:cdpVersion: 126.0.6478.183, setWindowRect: true, strictFileInteractability: false, timeouts: {implicit: 0, pageLoad: 300000, script: 30000}, unhandledPromptBehavior: dismiss and notify, webauthn:extension:credBlob: true, webauthn:extension:largeBlob: true, webauthn:extension:minPinLength: true, webauthn:extension:prf: true, webauthn:virtualAuthenticators: true}
Session ID: 76aba6000e140bafcf80e5bf57604f78
FAILED: Failed to proceed to cart: no such window: target window already closed
from unknown error: web view not found
  (Session info: chrome=126.0.6478.183)
Build info: version: '4.23.0', revision: '4df0a231af'
System info: os.name: 'Mac OS X', os.arch: 'aarch64', os.version: '14.5', java.version: '17.0.5'
Driver info: org.openqa.selenium.chrome.ChromeDriver
Command: [76aba6000e140bafcf80e5bf57604f78, findElement {value=//a[@class='button button--secondary'], using=xpath}]
Capabilities {acceptInsecureCerts: false, browserName: chrome, browserVersion: 126.0.6478.183, chrome: {chromedriverVersion: 126.0.6478.182 (5b5d8292ddf..., userDataDir: /var/folders/g5/mh75xn1s5rb...}, fedcm:accounts: true, goog:chromeOptions: {debuggerAddress: localhost:50339}, networkConnectionEnabled: false, pageLoadStrategy: normal, platformName: mac, proxy: Proxy(), se:cdp: ws://localhost:50339/devtoo..., se:cdpVersion: 126.0.6478.183, setWindowRect: true, strictFileInteractability: false, timeouts: {implicit: 0, pageLoad: 300000, script: 30000}, unhandledPromptBehavior: dismiss and notify, webauthn:extension:credBlob: true, webauthn:extension:largeBlob: true, webauthn:extension:minPinLength: true, webauthn:extension:prf: true, webauthn:virtualAuthenticators: true}
Session ID: 76aba6000e140bafcf80e5bf57604f78
FAILED: Failed to click checkout: no such window: target window already closed
from unknown error: web view not found
  (Session info: chrome=126.0.6478.183)
Build info: version: '4.23.0', revision: '4df0a231af'
System info: os.name: 'Mac OS X', os.arch: 'aarch64', os.version: '14.5', java.version: '17.0.5'
Driver info: org.openqa.selenium.chrome.ChromeDriver
Command: [76aba6000e140bafcf80e5bf57604f78, findElement {value=//button[@name='checkout'], using=xpath}]
Capabilities {acceptInsecureCerts: false, browserName: chrome, browserVersion: 126.0.6478.183, chrome: {chromedriverVersion: 126.0.6478.182 (5b5d8292ddf..., userDataDir: /var/folders/g5/mh75xn1s5rb...}, fedcm:accounts: true, goog:chromeOptions: {debuggerAddress: localhost:50339}, networkConnectionEnabled: false, pageLoadStrategy: normal, platformName: mac, proxy: Proxy(), se:cdp: ws://localhost:50339/devtoo..., se:cdpVersion: 126.0.6478.183, setWindowRect: true, strictFileInteractability: false, timeouts: {implicit: 0, pageLoad: 300000, script: 30000}, unhandledPromptBehavior: dismiss and notify, webauthn:extension:credBlob: true, webauthn:extension:largeBlob: true, webauthn:extension:minPinLength: true, webauthn:extension:prf: true, webauthn:virtualAuthenticators: true}
Session ID: 76aba6000e140bafcf80e5bf57604f78
FAILED: Failed to click checkout (step 2): no such window: target window already closed
from unknown error: web view not found
  (Session info: chrome=126.0.6478.183)
Build info: version: '4.23.0', revision: '4df0a231af'
System info: os.name: 'Mac OS X', os.arch: 'aarch64', os.version: '14.5', java.version: '17.0.5'
Driver info: org.openqa.selenium.chrome.ChromeDriver
Command: [76aba6000e140bafcf80e5bf57604f78, findElement {value=//span[@class='_1fragemqz _1fragem2d _1fragemn2 _1fragemmx a8x1wug _1fragem2i a8x1wup a8x1wul a8x1wuy']//*[name()='svg'], using=xpath}]
Capabilities {acceptInsecureCerts: false, browserName: chrome, browserVersion: 126.0.6478.183, chrome: {chromedriverVersion: 126.0.6478.182 (5b5d8292ddf..., userDataDir: /var/folders/g5/mh75xn1s5rb...}, fedcm:accounts: true, goog:chromeOptions: {debuggerAddress: localhost:50339}, networkConnectionEnabled: false, pageLoadStrategy: normal, platformName: mac, proxy: Proxy(), se:cdp: ws://localhost:50339/devtoo..., se:cdpVersion: 126.0.6478.183, setWindowRect: true, strictFileInteractability: false, timeouts: {implicit: 0, pageLoad: 300000, script: 30000}, unhandledPromptBehavior: dismiss and notify, webauthn:extension:credBlob: true, webauthn:extension:largeBlob: true, webauthn:extension:minPinLength: true, webauthn:extension:prf: true, webauthn:virtualAuthenticators: true}
Session ID: 76aba6000e140bafcf80e5bf57604f78
FAILED: Failed to click note button: no such window: target window already closed
from unknown error: web view not found
  (Session info: chrome=126.0.6478.183)
Build info: version: '4.23.0', revision: '4df0a231af'
System info: os.name: 'Mac OS X', os.arch: 'aarch64', os.version: '14.5', java.version: '17.0.5'
Driver info: org.openqa.selenium.chrome.ChromeDriver
Command: [76aba6000e140bafcf80e5bf57604f78, findElement {value=//button[@class='cart-recap__note-button'], using=xpath}]
Capabilities {acceptInsecureCerts: false, browserName: chrome, browserVersion: 126.0.6478.183, chrome: {chromedriverVersion: 126.0.6478.182 (5b5d8292ddf..., userDataDir: /var/folders/g5/mh75xn1s5rb...}, fedcm:accounts: true, goog:chromeOptions: {debuggerAddress: localhost:50339}, networkConnectionEnabled: false, pageLoadStrategy: normal, platformName: mac, proxy: Proxy(), se:cdp: ws://localhost:50339/devtoo..., se:cdpVersion: 126.0.6478.183, setWindowRect: true, strictFileInteractability: false, timeouts: {implicit: 0, pageLoad: 300000, script: 30000}, unhandledPromptBehavior: dismiss and notify, webauthn:extension:credBlob: true, webauthn:extension:largeBlob: true, webauthn:extension:minPinLength: true, webauthn:extension:prf: true, webauthn:virtualAuthenticators: true}
Session ID: 76aba6000e140bafcf80e5bf57604f78
FAILED: Failed to add note and save: no such window: target window already closed
from unknown error: web view not found
  (Session info: chrome=126.0.6478.183)
Build info: version: '4.23.0', revision: '4df0a231af'
System info: os.name: 'Mac OS X', os.arch: 'aarch64', os.version: '14.5', java.version: '17.0.5'
Driver info: org.openqa.selenium.chrome.ChromeDriver
Command: [76aba6000e140bafcf80e5bf57604f78, findElement {value=//textarea[@name='note'], using=xpath}]
Capabilities {acceptInsecureCerts: false, browserName: chrome, browserVersion: 126.0.6478.183, chrome: {chromedriverVersion: 126.0.6478.182 (5b5d8292ddf..., userDataDir: /var/folders/g5/mh75xn1s5rb...}, fedcm:accounts: true, goog:chromeOptions: {debuggerAddress: localhost:50339}, networkConnectionEnabled: false, pageLoadStrategy: normal, platformName: mac, proxy: Proxy(), se:cdp: ws://localhost:50339/devtoo..., se:cdpVersion: 126.0.6478.183, setWindowRect: true, strictFileInteractability: false, timeouts: {implicit: 0, pageLoad: 300000, script: 30000}, unhandledPromptBehavior: dismiss and notify, webauthn:extension:credBlob: true, webauthn:extension:largeBlob: true, webauthn:extension:minPinLength: true, webauthn:extension:prf: true, webauthn:virtualAuthenticators: true}
Session ID: 76aba6000e140bafcf80e5bf57604f78
FAILED: Failed to click checkout (step 3): no such window: target window already closed
from unknown error: web view not found
  (Session info: chrome=126.0.6478.183)
Build info: version: '4.23.0', revision: '4df0a231af'
System info: os.name: 'Mac OS X', os.arch: 'aarch64', os.version: '14.5', java.version: '17.0.5'
Driver info: org.openqa.selenium.chrome.ChromeDriver
Command: [76aba6000e140bafcf80e5bf57604f78, findElement {value=//button[@name='checkout'], using=xpath}]
Capabilities {acceptInsecureCerts: false, browserName: chrome, browserVersion: 126.0.6478.183, chrome: {chromedriverVersion: 126.0.6478.182 (5b5d8292ddf..., userDataDir: /var/folders/g5/mh75xn1s5rb...}, fedcm:accounts: true, goog:chromeOptions: {debuggerAddress: localhost:50339}, networkConnectionEnabled: false, pageLoadStrategy: normal, platformName: mac, proxy: Proxy(), se:cdp: ws://localhost:50339/devtoo..., se:cdpVersion: 126.0.6478.183, setWindowRect: true, strictFileInteractability: false, timeouts: {implicit: 0, pageLoad: 300000, script: 30000}, unhandledPromptBehavior: dismiss and notify, webauthn:extension:credBlob: true, webauthn:extension:largeBlob: true, webauthn:extension:minPinLength: true, webauthn:extension:prf: true, webauthn:virtualAuthenticators: true}
Session ID: 76aba6000e140bafcf80e5bf57604f78
FAILED: Failed to enter shipping information: no such window: target window already closed
from unknown error: web view not found
  (Session info: chrome=126.0.6478.183)
Build info: version: '4.23.0', revision: '4df0a231af'
System info: os.name: 'Mac OS X', os.arch: 'aarch64', os.version: '14.5', java.version: '17.0.5'
Driver info: org.openqa.selenium.chrome.ChromeDriver
Command: [76aba6000e140bafcf80e5bf57604f78, findElement {value=//input[@id='email'], using=xpath}]
Capabilities {acceptInsecureCerts: false, browserName: chrome, browserVersion: 126.0.6478.183, chrome: {chromedriverVersion: 126.0.6478.182 (5b5d8292ddf..., userDataDir: /var/folders/g5/mh75xn1s5rb...}, fedcm:accounts: true, goog:chromeOptions: {debuggerAddress: localhost:50339}, networkConnectionEnabled: false, pageLoadStrategy: normal, platformName: mac, proxy: Proxy(), se:cdp: ws://localhost:50339/devtoo..., se:cdpVersion: 126.0.6478.183, setWindowRect: true, strictFileInteractability: false, timeouts: {implicit: 0, pageLoad: 300000, script: 30000}, unhandledPromptBehavior: dismiss and notify, webauthn:extension:credBlob: true, webauthn:extension:largeBlob: true, webauthn:extension:minPinLength: true, webauthn:extension:prf: true, webauthn:virtualAuthenticators: true}
Session ID: 76aba6000e140bafcf80e5bf57604f78
FAILED: Failed to select credit card payment option: no such window: target window already closed
from unknown error: web view not found
  (Session info: chrome=126.0.6478.183)
Build info: version: '4.23.0', revision: '4df0a231af'
System info: os.name: 'Mac OS X', os.arch: 'aarch64', os.version: '14.5', java.version: '17.0.5'
Driver info: org.openqa.selenium.chrome.ChromeDriver
Command: [76aba6000e140bafcf80e5bf57604f78, findElement {value=//*[@id="basic-creditCards"], using=xpath}]
Capabilities {acceptInsecureCerts: false, browserName: chrome, browserVersion: 126.0.6478.183, chrome: {chromedriverVersion: 126.0.6478.182 (5b5d8292ddf..., userDataDir: /var/folders/g5/mh75xn1s5rb...}, fedcm:accounts: true, goog:chromeOptions: {debuggerAddress: localhost:50339}, networkConnectionEnabled: false, pageLoadStrategy: normal, platformName: mac, proxy: Proxy(), se:cdp: ws://localhost:50339/devtoo..., se:cdpVersion: 126.0.6478.183, setWindowRect: true, strictFileInteractability: false, timeouts: {implicit: 0, pageLoad: 300000, script: 30000}, unhandledPromptBehavior: dismiss and notify, webauthn:extension:credBlob: true, webauthn:extension:largeBlob: true, webauthn:extension:minPinLength: true, webauthn:extension:prf: true, webauthn:virtualAuthenticators: true}
Session ID: 76aba6000e140bafcf80e5bf57604f78
FAILED: Failed to enter card number: no such window: target window already closed
from unknown error: web view not found
  (Session info: chrome=126.0.6478.183)
Build info: version: '4.23.0', revision: '4df0a231af'
System info: os.name: 'Mac OS X', os.arch: 'aarch64', os.version: '14.5', java.version: '17.0.5'
Driver info: org.openqa.selenium.chrome.ChromeDriver
Command: [76aba6000e140bafcf80e5bf57604f78, findElement {value=number, using=id}]
Capabilities {acceptInsecureCerts: false, browserName: chrome, browserVersion: 126.0.6478.183, chrome: {chromedriverVersion: 126.0.6478.182 (5b5d8292ddf..., userDataDir: /var/folders/g5/mh75xn1s5rb...}, fedcm:accounts: true, goog:chromeOptions: {debuggerAddress: localhost:50339}, networkConnectionEnabled: false, pageLoadStrategy: normal, platformName: mac, proxy: Proxy(), se:cdp: ws://localhost:50339/devtoo..., se:cdpVersion: 126.0.6478.183, setWindowRect: true, strictFileInteractability: false, timeouts: {implicit: 0, pageLoad: 300000, script: 30000}, unhandledPromptBehavior: dismiss and notify, webauthn:extension:credBlob: true, webauthn:extension:largeBlob: true, webauthn:extension:minPinLength: true, webauthn:extension:prf: true, webauthn:virtualAuthenticators: true}
Session ID: 76aba6000e140bafcf80e5bf57604f78
FAILED: Failed to enter expiry date: no such window: target window already closed
from unknown error: web view not found
  (Session info: chrome=126.0.6478.183)
Build info: version: '4.23.0', revision: '4df0a231af'
System info: os.name: 'Mac OS X', os.arch: 'aarch64', os.version: '14.5', java.version: '17.0.5'
Driver info: org.openqa.selenium.chrome.ChromeDriver
Command: [76aba6000e140bafcf80e5bf57604f78, findElement {value=expiry, using=id}]
Capabilities {acceptInsecureCerts: false, browserName: chrome, browserVersion: 126.0.6478.183, chrome: {chromedriverVersion: 126.0.6478.182 (5b5d8292ddf..., userDataDir: /var/folders/g5/mh75xn1s5rb...}, fedcm:accounts: true, goog:chromeOptions: {debuggerAddress: localhost:50339}, networkConnectionEnabled: false, pageLoadStrategy: normal, platformName: mac, proxy: Proxy(), se:cdp: ws://localhost:50339/devtoo..., se:cdpVersion: 126.0.6478.183, setWindowRect: true, strictFileInteractability: false, timeouts: {implicit: 0, pageLoad: 300000, script: 30000}, unhandledPromptBehavior: dismiss and notify, webauthn:extension:credBlob: true, webauthn:extension:largeBlob: true, webauthn:extension:minPinLength: true, webauthn:extension:prf: true, webauthn:virtualAuthenticators: true}
Session ID: 76aba6000e140bafcf80e5bf57604f78
FAILED: Failed to enter discount code: no such window: target window already closed
from unknown error: web view not found
  (Session info: chrome=126.0.6478.183)
Build info: version: '4.23.0', revision: '4df0a231af'
System info: os.name: 'Mac OS X', os.arch: 'aarch64', os.version: '14.5', java.version: '17.0.5'
Driver info: org.openqa.selenium.chrome.ChromeDriver
Command: [76aba6000e140bafcf80e5bf57604f78, findElement {value=ReductionsInput0, using=id}]
Capabilities {acceptInsecureCerts: false, browserName: chrome, browserVersion: 126.0.6478.183, chrome: {chromedriverVersion: 126.0.6478.182 (5b5d8292ddf..., userDataDir: /var/folders/g5/mh75xn1s5rb...}, fedcm:accounts: true, goog:chromeOptions: {debuggerAddress: localhost:50339}, networkConnectionEnabled: false, pageLoadStrategy: normal, platformName: mac, proxy: Proxy(), se:cdp: ws://localhost:50339/devtoo..., se:cdpVersion: 126.0.6478.183, setWindowRect: true, strictFileInteractability: false, timeouts: {implicit: 0, pageLoad: 300000, script: 30000}, unhandledPromptBehavior: dismiss and notify, webauthn:extension:credBlob: true, webauthn:extension:largeBlob: true, webauthn:extension:minPinLength: true, webauthn:extension:prf: true, webauthn:virtualAuthenticators: true}
Session ID: 76aba6000e140bafcf80e5bf57604f78
FAILED: Failed to scroll to footer: no such window: target window already closed
from unknown error: web view not found
  (Session info: chrome=126.0.6478.183)
Build info: version: '4.23.0', revision: '4df0a231af'
System info: os.name: 'Mac OS X', os.arch: 'aarch64', os.version: '14.5', java.version: '17.0.5'
Driver info: org.openqa.selenium.chrome.ChromeDriver
Command: [76aba6000e140bafcf80e5bf57604f78, findElement {value=/html, using=xpath}]
Capabilities {acceptInsecureCerts: false, browserName: chrome, browserVersion: 126.0.6478.183, chrome: {chromedriverVersion: 126.0.6478.182 (5b5d8292ddf..., userDataDir: /var/folders/g5/mh75xn1s5rb...}, fedcm:accounts: true, goog:chromeOptions: {debuggerAddress: localhost:50339}, networkConnectionEnabled: false, pageLoadStrategy: normal, platformName: mac, proxy: Proxy(), se:cdp: ws://localhost:50339/devtoo..., se:cdpVersion: 126.0.6478.183, setWindowRect: true, strictFileInteractability: false, timeouts: {implicit: 0, pageLoad: 300000, script: 30000}, unhandledPromptBehavior: dismiss and notify, webauthn:extension:credBlob: true, webauthn:extension:largeBlob: true, webauthn:extension:minPinLength: true, webauthn:extension:prf: true, webauthn:virtualAuthenticators: true}
Session ID: 76aba6000e140bafcf80e5bf57604f78
FAILED: Failed to click final checkout button: no such window: target window already closed
from unknown error: web view not found
  (Session info: chrome=126.0.6478.183)
Build info: version: '4.23.0', revision: '4df0a231af'
System info: os.name: 'Mac OS X', os.arch: 'aarch64', os.version: '14.5', java.version: '17.0.5'
Driver info: org.openqa.selenium.chrome.ChromeDriver
Command: [76aba6000e140bafcf80e5bf57604f78, findElement {value=//span[@class='_1fragemqz _1fragem2d _1fragemn2 _1fragemmx a8x1wug _1fragem2i a8x1wup a8x1wul a8x1wuy']//*[name()='svg'], using=xpath}]
Capabilities {acceptInsecureCerts: false, browserName: chrome, browserVersion: 126.0.6478.183, chrome: {chromedriverVersion: 126.0.6478.182 (5b5d8292ddf..., userDataDir: /var/folders/g5/mh75xn1s5rb...}, fedcm:accounts: true, goog:chromeOptions: {debuggerAddress: localhost:50339}, networkConnectionEnabled: false, pageLoadStrategy: normal, platformName: mac, proxy: Proxy(), se:cdp: ws://localhost:50339/devtoo..., se:cdpVersion: 126.0.6478.183, setWindowRect: true, strictFileInteractability: false, timeouts: {implicit: 0, pageLoad: 300000, script: 30000}, unhandledPromptBehavior: dismiss and notify, webauthn:extension:credBlob: true, webauthn:extension:largeBlob: true, webauthn:extension:minPinLength: true, webauthn:extension:prf: true, webauthn:virtualAuthenticators: true}
Session ID: 76aba6000e140bafcf80e5bf57604f78
FAILED: Failed to navigate to home: no such window: target window already closed
from unknown error: web view not found
  (Session info: chrome=126.0.6478.183)
Build info: version: '4.23.0', revision: '4df0a231af'
System info: os.name: 'Mac OS X', os.arch: 'aarch64', os.version: '14.5', java.version: '17.0.5'
Driver info: org.openqa.selenium.chrome.ChromeDriver
Command: [76aba6000e140bafcf80e5bf57604f78, findElement {value=//a[@class='nav-bar__link link'][normalize-space()='Home'], using=xpath}]
Capabilities {acceptInsecureCerts: false, browserName: chrome, browserVersion: 126.0.6478.183, chrome: {chromedriverVersion: 126.0.6478.182 (5b5d8292ddf..., userDataDir: /var/folders/g5/mh75xn1s5rb...}, fedcm:accounts: true, goog:chromeOptions: {debuggerAddress: localhost:50339}, networkConnectionEnabled: false, pageLoadStrategy: normal, platformName: mac, proxy: Proxy(), se:cdp: ws://localhost:50339/devtoo..., se:cdpVersion: 126.0.6478.183, setWindowRect: true, strictFileInteractability: false, timeouts: {implicit: 0, pageLoad: 300000, script: 30000}, unhandledPromptBehavior: dismiss and notify, webauthn:extension:credBlob: true, webauthn:extension:largeBlob: true, webauthn:extension:minPinLength: true, webauthn:extension:prf: true, webauthn:virtualAuthenticators: true}
Session ID: 76aba6000e140bafcf80e5bf57604f78
